<?xml version="1.0" encoding="UTF-8"?>
<!-- Generated by org.testng.reporters.JUnitReportReporter -->
<testsuite skipped="0" hostname="HP-HP" name="packageRestAssured.SumValidation" tests="1" failures="0" timestamp="2020-12-25T23:18:36 GMT" time="7.520" errors="0">
  <testcase name="sumOfCourses" time="7.520" classname="packageRestAssured.SumValidation"/>
  <system-out/>
</testsuite> <!-- packageRestAssured.SumValidation -->
